The system is: Linux - 5.15.0-87-generic - x86_64
Compiling the C compiler identification source file "CMakeCCompilerId.c" succeeded.
Compiler: /usr/bin/cc 
Build flags: 
Id flags:  

The output was:
0


Compilation of the C compiler identification source "CMakeCCompilerId.c" produced "a.out"

The C compiler identification is GNU, found in "/home/xiling/Desktop/thu-dsacpp/build/CMakeFiles/3.24.2/CompilerIdC/a.out"

Compiling the CXX compiler identification source file "CMakeCXXCompilerId.cpp" succeeded.
Compiler: /opt/gcc-12/bin/g++ 
Build flags: 
Id flags:  

The output was:
0


Compilation of the CXX compiler identification source "CMakeCXXCompilerId.cpp" produced "a.out"

The CXX compiler identification is GNU, found in "/home/xiling/Desktop/thu-dsacpp/build/CMakeFiles/3.24.2/CompilerIdCXX/a.out"

Detecting C compiler ABI info compiled with the following output:
Change Dir: /home/xiling/Desktop/thu-dsacpp/build/CMakeFiles/CMakeTmp

Run Build Command(s):/usr/bin/make -f Makefile cmTC_0d221/fast && /usr/bin/make  -f CMakeFiles/cmTC_0d221.dir/build.make CMakeFiles/cmTC_0d221.dir/build
make[1]: Entering directory '/home/xiling/Desktop/thu-dsacpp/build/CMakeFiles/CMakeTmp'
Building C object CMakeFiles/cmTC_0d221.dir/CMakeCCompilerABI.c.o
/usr/bin/cc   -v -o CMakeFiles/cmTC_0d221.dir/CMakeCCompilerABI.c.o -c /usr/local/share/cmake-3.24/Modules/CMakeCCompilerABI.c
Using built-in specs.
COLLECT_GCC=/usr/bin/cc
Target: x86_64-pc-linux-gnu
Configured with: ./../gcc/configure --disable-multilib --prefix=/home/xiling/install/gcc-12 --enable-languages=c,c++
Thread model: posix
Supported LTO compression algorithms: zlib
gcc version 12.3.1 20230828 (GCC) 
COLLECT_GCC_OPTIONS='-v' '-o' 'CMakeFiles/cmTC_0d221.dir/CMakeCCompilerABI.c.o' '-c' '-mtune=generic' '-march=x86-64' '-dumpdir' 'CMakeFiles/cmTC_0d221.dir/'
 /opt/gcc-12/bin/../libexec/gcc/x86_64-pc-linux-gnu/12.3.1/cc1 -quiet -v -imultiarch x86_64-linux-gnu -iprefix /opt/gcc-12/bin/../lib/gcc/x86_64-pc-linux-gnu/12.3.1/ /usr/local/share/cmake-3.24/Modules/CMakeCCompilerABI.c -quiet -dumpdir CMakeFiles/cmTC_0d221.dir/ -dumpbase CMakeCCompilerABI.c.c -dumpbase-ext .c -mtune=generic -march=x86-64 -version -o /tmp/ccsN0vUI.s
GNU C17 (GCC) version 12.3.1 20230828 (x86_64-pc-linux-gnu)
	compiled by GNU C version 12.3.1 20230828, GMP version 6.2.1, MPFR version 4.1.0, MPC version 1.2.1, isl version isl-0.24-GMP

GGC heuristics: --param ggc-min-expand=100 --param ggc-min-heapsize=131072
ignoring nonexistent directory "/opt/gcc-12/bin/../lib/gcc/x86_64-pc-linux-gnu/12.3.1/../../../../x86_64-pc-linux-gnu/include"
ignoring duplicate directory "/opt/gcc-12/bin/../lib/gcc/../../lib/gcc/x86_64-pc-linux-gnu/12.3.1/include"
ignoring nonexistent directory "/usr/local/include/x86_64-linux-gnu"
ignoring duplicate directory "/opt/gcc-12/bin/../lib/gcc/../../lib/gcc/x86_64-pc-linux-gnu/12.3.1/include-fixed"
ignoring nonexistent directory "/opt/gcc-12/bin/../lib/gcc/../../lib/gcc/x86_64-pc-linux-gnu/12.3.1/../../../../x86_64-pc-linux-gnu/include"
#include "..." search starts here:
#include <...> search starts here:
 /opt/gcc-12/bin/../lib/gcc/x86_64-pc-linux-gnu/12.3.1/include
 /opt/gcc-12/bin/../lib/gcc/x86_64-pc-linux-gnu/12.3.1/include-fixed
 /usr/local/include
 /opt/gcc-12/bin/../lib/gcc/../../include
 /usr/include/x86_64-linux-gnu
 /usr/include
End of search list.
GNU C17 (GCC) version 12.3.1 20230828 (x86_64-pc-linux-gnu)
	compiled by GNU C version 12.3.1 20230828, GMP version 6.2.1, MPFR version 4.1.0, MPC version 1.2.1, isl version isl-0.24-GMP

GGC heuristics: --param ggc-min-expand=100 --param ggc-min-heapsize=131072
Compiler executable checksum: abfe2c42c5dddc83c5ab0760dfc8ab55
COLLECT_GCC_OPTIONS='-v' '-o' 'CMakeFiles/cmTC_0d221.dir/CMakeCCompilerABI.c.o' '-c' '-mtune=generic' '-march=x86-64' '-dumpdir' 'CMakeFiles/cmTC_0d221.dir/'
 as -v --64 -o CMakeFiles/cmTC_0d221.dir/CMakeCCompilerABI.c.o /tmp/ccsN0vUI.s
GNU assembler version 2.34 (x86_64-linux-gnu) using BFD version (GNU Binutils for Ubuntu) 2.34
COMPILER_PATH=/opt/gcc-12/bin/../libexec/gcc/x86_64-pc-linux-gnu/12.3.1/:/opt/gcc-12/bin/../libexec/gcc/
LIBRARY_PATH=/opt/gcc-12/bin/../lib/gcc/x86_64-pc-linux-gnu/12.3.1/:/opt/gcc-12/bin/../lib/gcc/:/opt/gcc-12/bin/../lib/gcc/x86_64-pc-linux-gnu/12.3.1/../../../../lib64/:/lib/x86_64-linux-gnu/:/lib/../lib64/:/usr/lib/x86_64-linux-gnu/:/usr/lib/../lib64/:/opt/gcc-12/bin/../lib/gcc/x86_64-pc-linux-gnu/12.3.1/../../../:/lib/:/usr/lib/
COLLECT_GCC_OPTIONS='-v' '-o' 'CMakeFiles/cmTC_0d221.dir/CMakeCCompilerABI.c.o' '-c' '-mtune=generic' '-march=x86-64' '-dumpdir' 'CMakeFiles/cmTC_0d221.dir/CMakeCCompilerABI.c.'
Linking C executable cmTC_0d221
/usr/local/bin/cmake -E cmake_link_script CMakeFiles/cmTC_0d221.dir/link.txt --verbose=1
/usr/bin/cc  -v CMakeFiles/cmTC_0d221.dir/CMakeCCompilerABI.c.o -o cmTC_0d221 
Using built-in specs.
COLLECT_GCC=/usr/bin/cc
COLLECT_LTO_WRAPPER=/opt/gcc-12/bin/../libexec/gcc/x86_64-pc-linux-gnu/12.3.1/lto-wrapper
Target: x86_64-pc-linux-gnu
Configured with: ./../gcc/configure --disable-multilib --prefix=/home/xiling/install/gcc-12 --enable-languages=c,c++
Thread model: posix
Supported LTO compression algorithms: zlib
gcc version 12.3.1 20230828 (GCC) 
COMPILER_PATH=/opt/gcc-12/bin/../libexec/gcc/x86_64-pc-linux-gnu/12.3.1/:/opt/gcc-12/bin/../libexec/gcc/
LIBRARY_PATH=/opt/gcc-12/bin/../lib/gcc/x86_64-pc-linux-gnu/12.3.1/:/opt/gcc-12/bin/../lib/gcc/:/opt/gcc-12/bin/../lib/gcc/x86_64-pc-linux-gnu/12.3.1/../../../../lib64/:/lib/x86_64-linux-gnu/:/lib/../lib64/:/usr/lib/x86_64-linux-gnu/:/usr/lib/../lib64/:/opt/gcc-12/bin/../lib/gcc/x86_64-pc-linux-gnu/12.3.1/../../../:/lib/:/usr/lib/
COLLECT_GCC_OPTIONS='-v' '-o' 'cmTC_0d221' '-mtune=generic' '-march=x86-64' '-dumpdir' 'cmTC_0d221.'
 /opt/gcc-12/bin/../libexec/gcc/x86_64-pc-linux-gnu/12.3.1/collect2 -plugin /opt/gcc-12/bin/../libexec/gcc/x86_64-pc-linux-gnu/12.3.1/liblto_plugin.so -plugin-opt=/opt/gcc-12/bin/../libexec/gcc/x86_64-pc-linux-gnu/12.3.1/lto-wrapper -plugin-opt=-fresolution=/tmp/cc1RIq8n.res -plugin-opt=-pass-through=-lgcc -plugin-opt=-pass-through=-lgcc_s -plugin-opt=-pass-through=-lc -plugin-opt=-pass-through=-lgcc -plugin-opt=-pass-through=-lgcc_s --eh-frame-hdr -m elf_x86_64 -dynamic-linker /lib64/ld-linux-x86-64.so.2 -o cmTC_0d221 /lib/x86_64-linux-gnu/crt1.o /lib/x86_64-linux-gnu/crti.o /opt/gcc-12/bin/../lib/gcc/x86_64-pc-linux-gnu/12.3.1/crtbegin.o -L/opt/gcc-12/bin/../lib/gcc/x86_64-pc-linux-gnu/12.3.1 -L/opt/gcc-12/bin/../lib/gcc -L/opt/gcc-12/bin/../lib/gcc/x86_64-pc-linux-gnu/12.3.1/../../../../lib64 -L/lib/x86_64-linux-gnu -L/lib/../lib64 -L/usr/lib/x86_64-linux-gnu -L/usr/lib/../lib64 -L/opt/gcc-12/bin/../lib/gcc/x86_64-pc-linux-gnu/12.3.1/../../.. CMakeFiles/cmTC_0d221.dir/CMakeCCompilerABI.c.o -lgcc --push-state --as-needed -lgcc_s --pop-state -lc -lgcc --push-state --as-needed -lgcc_s --pop-state /opt/gcc-12/bin/../lib/gcc/x86_64-pc-linux-gnu/12.3.1/crtend.o /lib/x86_64-linux-gnu/crtn.o
COLLECT_GCC_OPTIONS='-v' '-o' 'cmTC_0d221' '-mtune=generic' '-march=x86-64' '-dumpdir' 'cmTC_0d221.'
make[1]: Leaving directory '/home/xiling/Desktop/thu-dsacpp/build/CMakeFiles/CMakeTmp'



Parsed C implicit include dir info from above output: rv=done
  found start of include info
  found start of implicit include info
    add: [/opt/gcc-12/bin/../lib/gcc/x86_64-pc-linux-gnu/12.3.1/include]
    add: [/opt/gcc-12/bin/../lib/gcc/x86_64-pc-linux-gnu/12.3.1/include-fixed]
    add: [/usr/local/include]
    add: [/opt/gcc-12/bin/../lib/gcc/../../include]
    add: [/usr/include/x86_64-linux-gnu]
    add: [/usr/include]
  end of search list found
  collapse include dir [/opt/gcc-12/bin/../lib/gcc/x86_64-pc-linux-gnu/12.3.1/include] ==> [/opt/gcc-12/lib/gcc/x86_64-pc-linux-gnu/12.3.1/include]
  collapse include dir [/opt/gcc-12/bin/../lib/gcc/x86_64-pc-linux-gnu/12.3.1/include-fixed] ==> [/opt/gcc-12/lib/gcc/x86_64-pc-linux-gnu/12.3.1/include-fixed]
  collapse include dir [/usr/local/include] ==> [/usr/local/include]
  collapse include dir [/opt/gcc-12/bin/../lib/gcc/../../include] ==> [/opt/gcc-12/include]
  collapse include dir [/usr/include/x86_64-linux-gnu] ==> [/usr/include/x86_64-linux-gnu]
  collapse include dir [/usr/include] ==> [/usr/include]
  implicit include dirs: [/opt/gcc-12/lib/gcc/x86_64-pc-linux-gnu/12.3.1/include;/opt/gcc-12/lib/gcc/x86_64-pc-linux-gnu/12.3.1/include-fixed;/usr/local/include;/opt/gcc-12/include;/usr/include/x86_64-linux-gnu;/usr/include]


Parsed C implicit link information from above output:
  link line regex: [^( *|.*[/\])(ld|CMAKE_LINK_STARTFILE-NOTFOUND|([^/\]+-)?ld|collect2)[^/\]*( |$)]
  ignore line: [Change Dir: /home/xiling/Desktop/thu-dsacpp/build/CMakeFiles/CMakeTmp]
  ignore line: []
  ignore line: [Run Build Command(s):/usr/bin/make -f Makefile cmTC_0d221/fast && /usr/bin/make  -f CMakeFiles/cmTC_0d221.dir/build.make CMakeFiles/cmTC_0d221.dir/build]
  ignore line: [make[1]: Entering directory '/home/xiling/Desktop/thu-dsacpp/build/CMakeFiles/CMakeTmp']
  ignore line: [Building C object CMakeFiles/cmTC_0d221.dir/CMakeCCompilerABI.c.o]
  ignore line: [/usr/bin/cc   -v -o CMakeFiles/cmTC_0d221.dir/CMakeCCompilerABI.c.o -c /usr/local/share/cmake-3.24/Modules/CMakeCCompilerABI.c]
  ignore line: [Using built-in specs.]
  ignore line: [COLLECT_GCC=/usr/bin/cc]
  ignore line: [Target: x86_64-pc-linux-gnu]
  ignore line: [Configured with: ./../gcc/configure --disable-multilib --prefix=/home/xiling/install/gcc-12 --enable-languages=c c++]
  ignore line: [Thread model: posix]
  ignore line: [Supported LTO compression algorithms: zlib]
  ignore line: [gcc version 12.3.1 20230828 (GCC) ]
  ignore line: [COLLECT_GCC_OPTIONS='-v' '-o' 'CMakeFiles/cmTC_0d221.dir/CMakeCCompilerABI.c.o' '-c' '-mtune=generic' '-march=x86-64' '-dumpdir' 'CMakeFiles/cmTC_0d221.dir/']
  ignore line: [ /opt/gcc-12/bin/../libexec/gcc/x86_64-pc-linux-gnu/12.3.1/cc1 -quiet -v -imultiarch x86_64-linux-gnu -iprefix /opt/gcc-12/bin/../lib/gcc/x86_64-pc-linux-gnu/12.3.1/ /usr/local/share/cmake-3.24/Modules/CMakeCCompilerABI.c -quiet -dumpdir CMakeFiles/cmTC_0d221.dir/ -dumpbase CMakeCCompilerABI.c.c -dumpbase-ext .c -mtune=generic -march=x86-64 -version -o /tmp/ccsN0vUI.s]
  ignore line: [GNU C17 (GCC) version 12.3.1 20230828 (x86_64-pc-linux-gnu)]
  ignore line: [	compiled by GNU C version 12.3.1 20230828  GMP version 6.2.1  MPFR version 4.1.0  MPC version 1.2.1  isl version isl-0.24-GMP]
  ignore line: []
  ignore line: [GGC heuristics: --param ggc-min-expand=100 --param ggc-min-heapsize=131072]
  ignore line: [ignoring nonexistent directory "/opt/gcc-12/bin/../lib/gcc/x86_64-pc-linux-gnu/12.3.1/../../../../x86_64-pc-linux-gnu/include"]
  ignore line: [ignoring duplicate directory "/opt/gcc-12/bin/../lib/gcc/../../lib/gcc/x86_64-pc-linux-gnu/12.3.1/include"]
  ignore line: [ignoring nonexistent directory "/usr/local/include/x86_64-linux-gnu"]
  ignore line: [ignoring duplicate directory "/opt/gcc-12/bin/../lib/gcc/../../lib/gcc/x86_64-pc-linux-gnu/12.3.1/include-fixed"]
  ignore line: [ignoring nonexistent directory "/opt/gcc-12/bin/../lib/gcc/../../lib/gcc/x86_64-pc-linux-gnu/12.3.1/../../../../x86_64-pc-linux-gnu/include"]
  ignore line: [#include "..." search starts here:]
  ignore line: [#include <...> search starts here:]
  ignore line: [ /opt/gcc-12/bin/../lib/gcc/x86_64-pc-linux-gnu/12.3.1/include]
  ignore line: [ /opt/gcc-12/bin/../lib/gcc/x86_64-pc-linux-gnu/12.3.1/include-fixed]
  ignore line: [ /usr/local/include]
  ignore line: [ /opt/gcc-12/bin/../lib/gcc/../../include]
  ignore line: [ /usr/include/x86_64-linux-gnu]
  ignore line: [ /usr/include]
  ignore line: [End of search list.]
  ignore line: [GNU C17 (GCC) version 12.3.1 20230828 (x86_64-pc-linux-gnu)]
  ignore line: [	compiled by GNU C version 12.3.1 20230828  GMP version 6.2.1  MPFR version 4.1.0  MPC version 1.2.1  isl version isl-0.24-GMP]
  ignore line: []
  ignore line: [GGC heuristics: --param ggc-min-expand=100 --param ggc-min-heapsize=131072]
  ignore line: [Compiler executable checksum: abfe2c42c5dddc83c5ab0760dfc8ab55]
  ignore line: [COLLECT_GCC_OPTIONS='-v' '-o' 'CMakeFiles/cmTC_0d221.dir/CMakeCCompilerABI.c.o' '-c' '-mtune=generic' '-march=x86-64' '-dumpdir' 'CMakeFiles/cmTC_0d221.dir/']
  ignore line: [ as -v --64 -o CMakeFiles/cmTC_0d221.dir/CMakeCCompilerABI.c.o /tmp/ccsN0vUI.s]
  ignore line: [GNU assembler version 2.34 (x86_64-linux-gnu) using BFD version (GNU Binutils for Ubuntu) 2.34]
  ignore line: [COMPILER_PATH=/opt/gcc-12/bin/../libexec/gcc/x86_64-pc-linux-gnu/12.3.1/:/opt/gcc-12/bin/../libexec/gcc/]
  ignore line: [LIBRARY_PATH=/opt/gcc-12/bin/../lib/gcc/x86_64-pc-linux-gnu/12.3.1/:/opt/gcc-12/bin/../lib/gcc/:/opt/gcc-12/bin/../lib/gcc/x86_64-pc-linux-gnu/12.3.1/../../../../lib64/:/lib/x86_64-linux-gnu/:/lib/../lib64/:/usr/lib/x86_64-linux-gnu/:/usr/lib/../lib64/:/opt/gcc-12/bin/../lib/gcc/x86_64-pc-linux-gnu/12.3.1/../../../:/lib/:/usr/lib/]
  ignore line: [COLLECT_GCC_OPTIONS='-v' '-o' 'CMakeFiles/cmTC_0d221.dir/CMakeCCompilerABI.c.o' '-c' '-mtune=generic' '-march=x86-64' '-dumpdir' 'CMakeFiles/cmTC_0d221.dir/CMakeCCompilerABI.c.']
  ignore line: [Linking C executable cmTC_0d221]
  ignore line: [/usr/local/bin/cmake -E cmake_link_script CMakeFiles/cmTC_0d221.dir/link.txt --verbose=1]
  ignore line: [/usr/bin/cc  -v CMakeFiles/cmTC_0d221.dir/CMakeCCompilerABI.c.o -o cmTC_0d221 ]
  ignore line: [Using built-in specs.]
  ignore line: [COLLECT_GCC=/usr/bin/cc]
  ignore line: [COLLECT_LTO_WRAPPER=/opt/gcc-12/bin/../libexec/gcc/x86_64-pc-linux-gnu/12.3.1/lto-wrapper]
  ignore line: [Target: x86_64-pc-linux-gnu]
  ignore line: [Configured with: ./../gcc/configure --disable-multilib --prefix=/home/xiling/install/gcc-12 --enable-languages=c c++]
  ignore line: [Thread model: posix]
  ignore line: [Supported LTO compression algorithms: zlib]
  ignore line: [gcc version 12.3.1 20230828 (GCC) ]
  ignore line: [COMPILER_PATH=/opt/gcc-12/bin/../libexec/gcc/x86_64-pc-linux-gnu/12.3.1/:/opt/gcc-12/bin/../libexec/gcc/]
  ignore line: [LIBRARY_PATH=/opt/gcc-12/bin/../lib/gcc/x86_64-pc-linux-gnu/12.3.1/:/opt/gcc-12/bin/../lib/gcc/:/opt/gcc-12/bin/../lib/gcc/x86_64-pc-linux-gnu/12.3.1/../../../../lib64/:/lib/x86_64-linux-gnu/:/lib/../lib64/:/usr/lib/x86_64-linux-gnu/:/usr/lib/../lib64/:/opt/gcc-12/bin/../lib/gcc/x86_64-pc-linux-gnu/12.3.1/../../../:/lib/:/usr/lib/]
  ignore line: [COLLECT_GCC_OPTIONS='-v' '-o' 'cmTC_0d221' '-mtune=generic' '-march=x86-64' '-dumpdir' 'cmTC_0d221.']
  link line: [ /opt/gcc-12/bin/../libexec/gcc/x86_64-pc-linux-gnu/12.3.1/collect2 -plugin /opt/gcc-12/bin/../libexec/gcc/x86_64-pc-linux-gnu/12.3.1/liblto_plugin.so -plugin-opt=/opt/gcc-12/bin/../libexec/gcc/x86_64-pc-linux-gnu/12.3.1/lto-wrapper -plugin-opt=-fresolution=/tmp/cc1RIq8n.res -plugin-opt=-pass-through=-lgcc -plugin-opt=-pass-through=-lgcc_s -plugin-opt=-pass-through=-lc -plugin-opt=-pass-through=-lgcc -plugin-opt=-pass-through=-lgcc_s --eh-frame-hdr -m elf_x86_64 -dynamic-linker /lib64/ld-linux-x86-64.so.2 -o cmTC_0d221 /lib/x86_64-linux-gnu/crt1.o /lib/x86_64-linux-gnu/crti.o /opt/gcc-12/bin/../lib/gcc/x86_64-pc-linux-gnu/12.3.1/crtbegin.o -L/opt/gcc-12/bin/../lib/gcc/x86_64-pc-linux-gnu/12.3.1 -L/opt/gcc-12/bin/../lib/gcc -L/opt/gcc-12/bin/../lib/gcc/x86_64-pc-linux-gnu/12.3.1/../../../../lib64 -L/lib/x86_64-linux-gnu -L/lib/../lib64 -L/usr/lib/x86_64-linux-gnu -L/usr/lib/../lib64 -L/opt/gcc-12/bin/../lib/gcc/x86_64-pc-linux-gnu/12.3.1/../../.. CMakeFiles/cmTC_0d221.dir/CMakeCCompilerABI.c.o -lgcc --push-state --as-needed -lgcc_s --pop-state -lc -lgcc --push-state --as-needed -lgcc_s --pop-state /opt/gcc-12/bin/../lib/gcc/x86_64-pc-linux-gnu/12.3.1/crtend.o /lib/x86_64-linux-gnu/crtn.o]
    arg [/opt/gcc-12/bin/../libexec/gcc/x86_64-pc-linux-gnu/12.3.1/collect2] ==> ignore
    arg [-plugin] ==> ignore
    arg [/opt/gcc-12/bin/../libexec/gcc/x86_64-pc-linux-gnu/12.3.1/liblto_plugin.so] ==> ignore
    arg [-plugin-opt=/opt/gcc-12/bin/../libexec/gcc/x86_64-pc-linux-gnu/12.3.1/lto-wrapper] ==> ignore
    arg [-plugin-opt=-fresolution=/tmp/cc1RIq8n.res] ==> ignore
    arg [-plugin-opt=-pass-through=-lgcc] ==> ignore
    arg [-plugin-opt=-pass-through=-lgcc_s] ==> ignore
    arg [-plugin-opt=-pass-through=-lc] ==> ignore
    arg [-plugin-opt=-pass-through=-lgcc] ==> ignore
    arg [-plugin-opt=-pass-through=-lgcc_s] ==> ignore
    arg [--eh-frame-hdr] ==> ignore
    arg [-m] ==> ignore
    arg [elf_x86_64] ==> ignore
    arg [-dynamic-linker] ==> ignore
    arg [/lib64/ld-linux-x86-64.so.2] ==> ignore
    arg [-o] ==> ignore
    arg [cmTC_0d221] ==> ignore
    arg [/lib/x86_64-linux-gnu/crt1.o] ==> obj [/lib/x86_64-linux-gnu/crt1.o]
    arg [/lib/x86_64-linux-gnu/crti.o] ==> obj [/lib/x86_64-linux-gnu/crti.o]
    arg [/opt/gcc-12/bin/../lib/gcc/x86_64-pc-linux-gnu/12.3.1/crtbegin.o] ==> obj [/opt/gcc-12/bin/../lib/gcc/x86_64-pc-linux-gnu/12.3.1/crtbegin.o]
    arg [-L/opt/gcc-12/bin/../lib/gcc/x86_64-pc-linux-gnu/12.3.1] ==> dir [/opt/gcc-12/bin/../lib/gcc/x86_64-pc-linux-gnu/12.3.1]
    arg [-L/opt/gcc-12/bin/../lib/gcc] ==> dir [/opt/gcc-12/bin/../lib/gcc]
    arg [-L/opt/gcc-12/bin/../lib/gcc/x86_64-pc-linux-gnu/12.3.1/../../../../lib64] ==> dir [/opt/gcc-12/bin/../lib/gcc/x86_64-pc-linux-gnu/12.3.1/../../../../lib64]
    arg [-L/lib/x86_64-linux-gnu] ==> dir [/lib/x86_64-linux-gnu]
    arg [-L/lib/../lib64] ==> dir [/lib/../lib64]
    arg [-L/usr/lib/x86_64-linux-gnu] ==> dir [/usr/lib/x86_64-linux-gnu]
    arg [-L/usr/lib/../lib64] ==> dir [/usr/lib/../lib64]
    arg [-L/opt/gcc-12/bin/../lib/gcc/x86_64-pc-linux-gnu/12.3.1/../../..] ==> dir [/opt/gcc-12/bin/../lib/gcc/x86_64-pc-linux-gnu/12.3.1/../../..]
    arg [CMakeFiles/cmTC_0d221.dir/CMakeCCompilerABI.c.o] ==> ignore
    arg [-lgcc] ==> lib [gcc]
    arg [--push-state] ==> ignore
    arg [--as-needed] ==> ignore
    arg [-lgcc_s] ==> lib [gcc_s]
    arg [--pop-state] ==> ignore
    arg [-lc] ==> lib [c]
    arg [-lgcc] ==> lib [gcc]
    arg [--push-state] ==> ignore
    arg [--as-needed] ==> ignore
    arg [-lgcc_s] ==> lib [gcc_s]
    arg [--pop-state] ==> ignore
    arg [/opt/gcc-12/bin/../lib/gcc/x86_64-pc-linux-gnu/12.3.1/crtend.o] ==> obj [/opt/gcc-12/bin/../lib/gcc/x86_64-pc-linux-gnu/12.3.1/crtend.o]
    arg [/lib/x86_64-linux-gnu/crtn.o] ==> obj [/lib/x86_64-linux-gnu/crtn.o]
  collapse obj [/opt/gcc-12/bin/../lib/gcc/x86_64-pc-linux-gnu/12.3.1/crtbegin.o] ==> [/opt/gcc-12/lib/gcc/x86_64-pc-linux-gnu/12.3.1/crtbegin.o]
  collapse obj [/opt/gcc-12/bin/../lib/gcc/x86_64-pc-linux-gnu/12.3.1/crtend.o] ==> [/opt/gcc-12/lib/gcc/x86_64-pc-linux-gnu/12.3.1/crtend.o]
  collapse library dir [/opt/gcc-12/bin/../lib/gcc/x86_64-pc-linux-gnu/12.3.1] ==> [/opt/gcc-12/lib/gcc/x86_64-pc-linux-gnu/12.3.1]
  collapse library dir [/opt/gcc-12/bin/../lib/gcc] ==> [/opt/gcc-12/lib/gcc]
  collapse library dir [/opt/gcc-12/bin/../lib/gcc/x86_64-pc-linux-gnu/12.3.1/../../../../lib64] ==> [/opt/gcc-12/lib64]
  collapse library dir [/lib/x86_64-linux-gnu] ==> [/lib/x86_64-linux-gnu]
  collapse library dir [/lib/../lib64] ==> [/lib64]
  collapse library dir [/usr/lib/x86_64-linux-gnu] ==> [/usr/lib/x86_64-linux-gnu]
  collapse library dir [/usr/lib/../lib64] ==> [/usr/lib64]
  collapse library dir [/opt/gcc-12/bin/../lib/gcc/x86_64-pc-linux-gnu/12.3.1/../../..] ==> [/opt/gcc-12/lib]
  implicit libs: [gcc;gcc_s;c;gcc;gcc_s]
  implicit objs: [/lib/x86_64-linux-gnu/crt1.o;/lib/x86_64-linux-gnu/crti.o;/opt/gcc-12/lib/gcc/x86_64-pc-linux-gnu/12.3.1/crtbegin.o;/opt/gcc-12/lib/gcc/x86_64-pc-linux-gnu/12.3.1/crtend.o;/lib/x86_64-linux-gnu/crtn.o]
  implicit dirs: [/opt/gcc-12/lib/gcc/x86_64-pc-linux-gnu/12.3.1;/opt/gcc-12/lib/gcc;/opt/gcc-12/lib64;/lib/x86_64-linux-gnu;/lib64;/usr/lib/x86_64-linux-gnu;/usr/lib64;/opt/gcc-12/lib]
  implicit fwks: []


Detecting CXX compiler ABI info compiled with the following output:
Change Dir: /home/xiling/Desktop/thu-dsacpp/build/CMakeFiles/CMakeTmp

Run Build Command(s):/usr/bin/make -f Makefile cmTC_876f4/fast && /usr/bin/make  -f CMakeFiles/cmTC_876f4.dir/build.make CMakeFiles/cmTC_876f4.dir/build
make[1]: Entering directory '/home/xiling/Desktop/thu-dsacpp/build/CMakeFiles/CMakeTmp'
Building CXX object CMakeFiles/cmTC_876f4.dir/CMakeCXXCompilerABI.cpp.o
/opt/gcc-12/bin/g++   -v -o CMakeFiles/cmTC_876f4.dir/CMakeCXXCompilerABI.cpp.o -c /usr/local/share/cmake-3.24/Modules/CMakeCXXCompilerABI.cpp
Using built-in specs.
COLLECT_GCC=/opt/gcc-12/bin/g++
Target: x86_64-pc-linux-gnu
Configured with: ./../gcc/configure --disable-multilib --prefix=/home/xiling/install/gcc-12 --enable-languages=c,c++
Thread model: posix
Supported LTO compression algorithms: zlib
gcc version 12.3.1 20230828 (GCC) 
COLLECT_GCC_OPTIONS='-v' '-o' 'CMakeFiles/cmTC_876f4.dir/CMakeCXXCompilerABI.cpp.o' '-c' '-shared-libgcc' '-mtune=generic' '-march=x86-64' '-dumpdir' 'CMakeFiles/cmTC_876f4.dir/'
 /opt/gcc-12/bin/../libexec/gcc/x86_64-pc-linux-gnu/12.3.1/cc1plus -quiet -v -imultiarch x86_64-linux-gnu -iprefix /opt/gcc-12/bin/../lib/gcc/x86_64-pc-linux-gnu/12.3.1/ -D_GNU_SOURCE /usr/local/share/cmake-3.24/Modules/CMakeCXXCompilerABI.cpp -quiet -dumpdir CMakeFiles/cmTC_876f4.dir/ -dumpbase CMakeCXXCompilerABI.cpp.cpp -dumpbase-ext .cpp -mtune=generic -march=x86-64 -version -o /tmp/ccFwJSE7.s
GNU C++17 (GCC) version 12.3.1 20230828 (x86_64-pc-linux-gnu)
	compiled by GNU C version 12.3.1 20230828, GMP version 6.2.1, MPFR version 4.1.0, MPC version 1.2.1, isl version isl-0.24-GMP

GGC heuristics: --param ggc-min-expand=100 --param ggc-min-heapsize=131072
ignoring nonexistent directory "/opt/gcc-12/bin/../lib/gcc/x86_64-pc-linux-gnu/12.3.1/../../../../x86_64-pc-linux-gnu/include"
ignoring duplicate directory "/opt/gcc-12/bin/../lib/gcc/../../lib/gcc/x86_64-pc-linux-gnu/12.3.1/../../../../include/c++/12.3.1"
ignoring duplicate directory "/opt/gcc-12/bin/../lib/gcc/../../lib/gcc/x86_64-pc-linux-gnu/12.3.1/../../../../include/c++/12.3.1/x86_64-pc-linux-gnu"
ignoring duplicate directory "/opt/gcc-12/bin/../lib/gcc/../../lib/gcc/x86_64-pc-linux-gnu/12.3.1/../../../../include/c++/12.3.1/backward"
ignoring duplicate directory "/opt/gcc-12/bin/../lib/gcc/../../lib/gcc/x86_64-pc-linux-gnu/12.3.1/include"
ignoring nonexistent directory "/usr/local/include/x86_64-linux-gnu"
ignoring duplicate directory "/opt/gcc-12/bin/../lib/gcc/../../lib/gcc/x86_64-pc-linux-gnu/12.3.1/include-fixed"
ignoring nonexistent directory "/opt/gcc-12/bin/../lib/gcc/../../lib/gcc/x86_64-pc-linux-gnu/12.3.1/../../../../x86_64-pc-linux-gnu/include"
#include "..." search starts here:
#include <...> search starts here:
 /opt/gcc-12/bin/../lib/gcc/x86_64-pc-linux-gnu/12.3.1/../../../../include/c++/12.3.1
 /opt/gcc-12/bin/../lib/gcc/x86_64-pc-linux-gnu/12.3.1/../../../../include/c++/12.3.1/x86_64-pc-linux-gnu
 /opt/gcc-12/bin/../lib/gcc/x86_64-pc-linux-gnu/12.3.1/../../../../include/c++/12.3.1/backward
 /opt/gcc-12/bin/../lib/gcc/x86_64-pc-linux-gnu/12.3.1/include
 /opt/gcc-12/bin/../lib/gcc/x86_64-pc-linux-gnu/12.3.1/include-fixed
 /usr/local/include
 /opt/gcc-12/bin/../lib/gcc/../../include
 /usr/include/x86_64-linux-gnu
 /usr/include
End of search list.
GNU C++17 (GCC) version 12.3.1 20230828 (x86_64-pc-linux-gnu)
	compiled by GNU C version 12.3.1 20230828, GMP version 6.2.1, MPFR version 4.1.0, MPC version 1.2.1, isl version isl-0.24-GMP

GGC heuristics: --param ggc-min-expand=100 --param ggc-min-heapsize=131072
Compiler executable checksum: d2712a32a67b417373524d253a5e21c3
COLLECT_GCC_OPTIONS='-v' '-o' 'CMakeFiles/cmTC_876f4.dir/CMakeCXXCompilerABI.cpp.o' '-c' '-shared-libgcc' '-mtune=generic' '-march=x86-64' '-dumpdir' 'CMakeFiles/cmTC_876f4.dir/'
 as -v --64 -o CMakeFiles/cmTC_876f4.dir/CMakeCXXCompilerABI.cpp.o /tmp/ccFwJSE7.s
GNU assembler version 2.34 (x86_64-linux-gnu) using BFD version (GNU Binutils for Ubuntu) 2.34
COMPILER_PATH=/opt/gcc-12/bin/../libexec/gcc/x86_64-pc-linux-gnu/12.3.1/:/opt/gcc-12/bin/../libexec/gcc/
LIBRARY_PATH=/opt/gcc-12/bin/../lib/gcc/x86_64-pc-linux-gnu/12.3.1/:/opt/gcc-12/bin/../lib/gcc/:/opt/gcc-12/bin/../lib/gcc/x86_64-pc-linux-gnu/12.3.1/../../../../lib64/:/lib/x86_64-linux-gnu/:/lib/../lib64/:/usr/lib/x86_64-linux-gnu/:/usr/lib/../lib64/:/opt/gcc-12/bin/../lib/gcc/x86_64-pc-linux-gnu/12.3.1/../../../:/lib/:/usr/lib/
COLLECT_GCC_OPTIONS='-v' '-o' 'CMakeFiles/cmTC_876f4.dir/CMakeCXXCompilerABI.cpp.o' '-c' '-shared-libgcc' '-mtune=generic' '-march=x86-64' '-dumpdir' 'CMakeFiles/cmTC_876f4.dir/CMakeCXXCompilerABI.cpp.'
Linking CXX executable cmTC_876f4
/usr/local/bin/cmake -E cmake_link_script CMakeFiles/cmTC_876f4.dir/link.txt --verbose=1
/opt/gcc-12/bin/g++  -v CMakeFiles/cmTC_876f4.dir/CMakeCXXCompilerABI.cpp.o -o cmTC_876f4 
Using built-in specs.
COLLECT_GCC=/opt/gcc-12/bin/g++
COLLECT_LTO_WRAPPER=/opt/gcc-12/bin/../libexec/gcc/x86_64-pc-linux-gnu/12.3.1/lto-wrapper
Target: x86_64-pc-linux-gnu
Configured with: ./../gcc/configure --disable-multilib --prefix=/home/xiling/install/gcc-12 --enable-languages=c,c++
Thread model: posix
Supported LTO compression algorithms: zlib
gcc version 12.3.1 20230828 (GCC) 
COMPILER_PATH=/opt/gcc-12/bin/../libexec/gcc/x86_64-pc-linux-gnu/12.3.1/:/opt/gcc-12/bin/../libexec/gcc/
LIBRARY_PATH=/opt/gcc-12/bin/../lib/gcc/x86_64-pc-linux-gnu/12.3.1/:/opt/gcc-12/bin/../lib/gcc/:/opt/gcc-12/bin/../lib/gcc/x86_64-pc-linux-gnu/12.3.1/../../../../lib64/:/lib/x86_64-linux-gnu/:/lib/../lib64/:/usr/lib/x86_64-linux-gnu/:/usr/lib/../lib64/:/opt/gcc-12/bin/../lib/gcc/x86_64-pc-linux-gnu/12.3.1/../../../:/lib/:/usr/lib/
COLLECT_GCC_OPTIONS='-v' '-o' 'cmTC_876f4' '-shared-libgcc' '-mtune=generic' '-march=x86-64' '-dumpdir' 'cmTC_876f4.'
 /opt/gcc-12/bin/../libexec/gcc/x86_64-pc-linux-gnu/12.3.1/collect2 -plugin /opt/gcc-12/bin/../libexec/gcc/x86_64-pc-linux-gnu/12.3.1/liblto_plugin.so -plugin-opt=/opt/gcc-12/bin/../libexec/gcc/x86_64-pc-linux-gnu/12.3.1/lto-wrapper -plugin-opt=-fresolution=/tmp/cchCMBgH.res -plugin-opt=-pass-through=-lgcc_s -plugin-opt=-pass-through=-lgcc -plugin-opt=-pass-through=-lc -plugin-opt=-pass-through=-lgcc_s -plugin-opt=-pass-through=-lgcc --eh-frame-hdr -m elf_x86_64 -dynamic-linker /lib64/ld-linux-x86-64.so.2 -o cmTC_876f4 /lib/x86_64-linux-gnu/crt1.o /lib/x86_64-linux-gnu/crti.o /opt/gcc-12/bin/../lib/gcc/x86_64-pc-linux-gnu/12.3.1/crtbegin.o -L/opt/gcc-12/bin/../lib/gcc/x86_64-pc-linux-gnu/12.3.1 -L/opt/gcc-12/bin/../lib/gcc -L/opt/gcc-12/bin/../lib/gcc/x86_64-pc-linux-gnu/12.3.1/../../../../lib64 -L/lib/x86_64-linux-gnu -L/lib/../lib64 -L/usr/lib/x86_64-linux-gnu -L/usr/lib/../lib64 -L/opt/gcc-12/bin/../lib/gcc/x86_64-pc-linux-gnu/12.3.1/../../.. CMakeFiles/cmTC_876f4.dir/CMakeCXXCompilerABI.cpp.o -lstdc++ -lm -lgcc_s -lgcc -lc -lgcc_s -lgcc /opt/gcc-12/bin/../lib/gcc/x86_64-pc-linux-gnu/12.3.1/crtend.o /lib/x86_64-linux-gnu/crtn.o
COLLECT_GCC_OPTIONS='-v' '-o' 'cmTC_876f4' '-shared-libgcc' '-mtune=generic' '-march=x86-64' '-dumpdir' 'cmTC_876f4.'
make[1]: Leaving directory '/home/xiling/Desktop/thu-dsacpp/build/CMakeFiles/CMakeTmp'



Parsed CXX implicit include dir info from above output: rv=done
  found start of include info
  found start of implicit include info
    add: [/opt/gcc-12/bin/../lib/gcc/x86_64-pc-linux-gnu/12.3.1/../../../../include/c++/12.3.1]
    add: [/opt/gcc-12/bin/../lib/gcc/x86_64-pc-linux-gnu/12.3.1/../../../../include/c++/12.3.1/x86_64-pc-linux-gnu]
    add: [/opt/gcc-12/bin/../lib/gcc/x86_64-pc-linux-gnu/12.3.1/../../../../include/c++/12.3.1/backward]
    add: [/opt/gcc-12/bin/../lib/gcc/x86_64-pc-linux-gnu/12.3.1/include]
    add: [/opt/gcc-12/bin/../lib/gcc/x86_64-pc-linux-gnu/12.3.1/include-fixed]
    add: [/usr/local/include]
    add: [/opt/gcc-12/bin/../lib/gcc/../../include]
    add: [/usr/include/x86_64-linux-gnu]
    add: [/usr/include]
  end of search list found
  collapse include dir [/opt/gcc-12/bin/../lib/gcc/x86_64-pc-linux-gnu/12.3.1/../../../../include/c++/12.3.1] ==> [/opt/gcc-12/include/c++/12.3.1]
  collapse include dir [/opt/gcc-12/bin/../lib/gcc/x86_64-pc-linux-gnu/12.3.1/../../../../include/c++/12.3.1/x86_64-pc-linux-gnu] ==> [/opt/gcc-12/include/c++/12.3.1/x86_64-pc-linux-gnu]
  collapse include dir [/opt/gcc-12/bin/../lib/gcc/x86_64-pc-linux-gnu/12.3.1/../../../../include/c++/12.3.1/backward] ==> [/opt/gcc-12/include/c++/12.3.1/backward]
  collapse include dir [/opt/gcc-12/bin/../lib/gcc/x86_64-pc-linux-gnu/12.3.1/include] ==> [/opt/gcc-12/lib/gcc/x86_64-pc-linux-gnu/12.3.1/include]
  collapse include dir [/opt/gcc-12/bin/../lib/gcc/x86_64-pc-linux-gnu/12.3.1/include-fixed] ==> [/opt/gcc-12/lib/gcc/x86_64-pc-linux-gnu/12.3.1/include-fixed]
  collapse include dir [/usr/local/include] ==> [/usr/local/include]
  collapse include dir [/opt/gcc-12/bin/../lib/gcc/../../include] ==> [/opt/gcc-12/include]
  collapse include dir [/usr/include/x86_64-linux-gnu] ==> [/usr/include/x86_64-linux-gnu]
  collapse include dir [/usr/include] ==> [/usr/include]
  implicit include dirs: [/opt/gcc-12/include/c++/12.3.1;/opt/gcc-12/include/c++/12.3.1/x86_64-pc-linux-gnu;/opt/gcc-12/include/c++/12.3.1/backward;/opt/gcc-12/lib/gcc/x86_64-pc-linux-gnu/12.3.1/include;/opt/gcc-12/lib/gcc/x86_64-pc-linux-gnu/12.3.1/include-fixed;/usr/local/include;/opt/gcc-12/include;/usr/include/x86_64-linux-gnu;/usr/include]


Parsed CXX implicit link information from above output:
  link line regex: [^( *|.*[/\])(ld|CMAKE_LINK_STARTFILE-NOTFOUND|([^/\]+-)?ld|collect2)[^/\]*( |$)]
  ignore line: [Change Dir: /home/xiling/Desktop/thu-dsacpp/build/CMakeFiles/CMakeTmp]
  ignore line: []
  ignore line: [Run Build Command(s):/usr/bin/make -f Makefile cmTC_876f4/fast && /usr/bin/make  -f CMakeFiles/cmTC_876f4.dir/build.make CMakeFiles/cmTC_876f4.dir/build]
  ignore line: [make[1]: Entering directory '/home/xiling/Desktop/thu-dsacpp/build/CMakeFiles/CMakeTmp']
  ignore line: [Building CXX object CMakeFiles/cmTC_876f4.dir/CMakeCXXCompilerABI.cpp.o]
  ignore line: [/opt/gcc-12/bin/g++   -v -o CMakeFiles/cmTC_876f4.dir/CMakeCXXCompilerABI.cpp.o -c /usr/local/share/cmake-3.24/Modules/CMakeCXXCompilerABI.cpp]
  ignore line: [Using built-in specs.]
  ignore line: [COLLECT_GCC=/opt/gcc-12/bin/g++]
  ignore line: [Target: x86_64-pc-linux-gnu]
  ignore line: [Configured with: ./../gcc/configure --disable-multilib --prefix=/home/xiling/install/gcc-12 --enable-languages=c c++]
  ignore line: [Thread model: posix]
  ignore line: [Supported LTO compression algorithms: zlib]
  ignore line: [gcc version 12.3.1 20230828 (GCC) ]
  ignore line: [COLLECT_GCC_OPTIONS='-v' '-o' 'CMakeFiles/cmTC_876f4.dir/CMakeCXXCompilerABI.cpp.o' '-c' '-shared-libgcc' '-mtune=generic' '-march=x86-64' '-dumpdir' 'CMakeFiles/cmTC_876f4.dir/']
  ignore line: [ /opt/gcc-12/bin/../libexec/gcc/x86_64-pc-linux-gnu/12.3.1/cc1plus -quiet -v -imultiarch x86_64-linux-gnu -iprefix /opt/gcc-12/bin/../lib/gcc/x86_64-pc-linux-gnu/12.3.1/ -D_GNU_SOURCE /usr/local/share/cmake-3.24/Modules/CMakeCXXCompilerABI.cpp -quiet -dumpdir CMakeFiles/cmTC_876f4.dir/ -dumpbase CMakeCXXCompilerABI.cpp.cpp -dumpbase-ext .cpp -mtune=generic -march=x86-64 -version -o /tmp/ccFwJSE7.s]
  ignore line: [GNU C++17 (GCC) version 12.3.1 20230828 (x86_64-pc-linux-gnu)]
  ignore line: [	compiled by GNU C version 12.3.1 20230828  GMP version 6.2.1  MPFR version 4.1.0  MPC version 1.2.1  isl version isl-0.24-GMP]
  ignore line: []
  ignore line: [GGC heuristics: --param ggc-min-expand=100 --param ggc-min-heapsize=131072]
  ignore line: [ignoring nonexistent directory "/opt/gcc-12/bin/../lib/gcc/x86_64-pc-linux-gnu/12.3.1/../../../../x86_64-pc-linux-gnu/include"]
  ignore line: [ignoring duplicate directory "/opt/gcc-12/bin/../lib/gcc/../../lib/gcc/x86_64-pc-linux-gnu/12.3.1/../../../../include/c++/12.3.1"]
  ignore line: [ignoring duplicate directory "/opt/gcc-12/bin/../lib/gcc/../../lib/gcc/x86_64-pc-linux-gnu/12.3.1/../../../../include/c++/12.3.1/x86_64-pc-linux-gnu"]
  ignore line: [ignoring duplicate directory "/opt/gcc-12/bin/../lib/gcc/../../lib/gcc/x86_64-pc-linux-gnu/12.3.1/../../../../include/c++/12.3.1/backward"]
  ignore line: [ignoring duplicate directory "/opt/gcc-12/bin/../lib/gcc/../../lib/gcc/x86_64-pc-linux-gnu/12.3.1/include"]
  ignore line: [ignoring nonexistent directory "/usr/local/include/x86_64-linux-gnu"]
  ignore line: [ignoring duplicate directory "/opt/gcc-12/bin/../lib/gcc/../../lib/gcc/x86_64-pc-linux-gnu/12.3.1/include-fixed"]
  ignore line: [ignoring nonexistent directory "/opt/gcc-12/bin/../lib/gcc/../../lib/gcc/x86_64-pc-linux-gnu/12.3.1/../../../../x86_64-pc-linux-gnu/include"]
  ignore line: [#include "..." search starts here:]
  ignore line: [#include <...> search starts here:]
  ignore line: [ /opt/gcc-12/bin/../lib/gcc/x86_64-pc-linux-gnu/12.3.1/../../../../include/c++/12.3.1]
  ignore line: [ /opt/gcc-12/bin/../lib/gcc/x86_64-pc-linux-gnu/12.3.1/../../../../include/c++/12.3.1/x86_64-pc-linux-gnu]
  ignore line: [ /opt/gcc-12/bin/../lib/gcc/x86_64-pc-linux-gnu/12.3.1/../../../../include/c++/12.3.1/backward]
  ignore line: [ /opt/gcc-12/bin/../lib/gcc/x86_64-pc-linux-gnu/12.3.1/include]
  ignore line: [ /opt/gcc-12/bin/../lib/gcc/x86_64-pc-linux-gnu/12.3.1/include-fixed]
  ignore line: [ /usr/local/include]
  ignore line: [ /opt/gcc-12/bin/../lib/gcc/../../include]
  ignore line: [ /usr/include/x86_64-linux-gnu]
  ignore line: [ /usr/include]
  ignore line: [End of search list.]
  ignore line: [GNU C++17 (GCC) version 12.3.1 20230828 (x86_64-pc-linux-gnu)]
  ignore line: [	compiled by GNU C version 12.3.1 20230828  GMP version 6.2.1  MPFR version 4.1.0  MPC version 1.2.1  isl version isl-0.24-GMP]
  ignore line: []
  ignore line: [GGC heuristics: --param ggc-min-expand=100 --param ggc-min-heapsize=131072]
  ignore line: [Compiler executable checksum: d2712a32a67b417373524d253a5e21c3]
  ignore line: [COLLECT_GCC_OPTIONS='-v' '-o' 'CMakeFiles/cmTC_876f4.dir/CMakeCXXCompilerABI.cpp.o' '-c' '-shared-libgcc' '-mtune=generic' '-march=x86-64' '-dumpdir' 'CMakeFiles/cmTC_876f4.dir/']
  ignore line: [ as -v --64 -o CMakeFiles/cmTC_876f4.dir/CMakeCXXCompilerABI.cpp.o /tmp/ccFwJSE7.s]
  ignore line: [GNU assembler version 2.34 (x86_64-linux-gnu) using BFD version (GNU Binutils for Ubuntu) 2.34]
  ignore line: [COMPILER_PATH=/opt/gcc-12/bin/../libexec/gcc/x86_64-pc-linux-gnu/12.3.1/:/opt/gcc-12/bin/../libexec/gcc/]
  ignore line: [LIBRARY_PATH=/opt/gcc-12/bin/../lib/gcc/x86_64-pc-linux-gnu/12.3.1/:/opt/gcc-12/bin/../lib/gcc/:/opt/gcc-12/bin/../lib/gcc/x86_64-pc-linux-gnu/12.3.1/../../../../lib64/:/lib/x86_64-linux-gnu/:/lib/../lib64/:/usr/lib/x86_64-linux-gnu/:/usr/lib/../lib64/:/opt/gcc-12/bin/../lib/gcc/x86_64-pc-linux-gnu/12.3.1/../../../:/lib/:/usr/lib/]
  ignore line: [COLLECT_GCC_OPTIONS='-v' '-o' 'CMakeFiles/cmTC_876f4.dir/CMakeCXXCompilerABI.cpp.o' '-c' '-shared-libgcc' '-mtune=generic' '-march=x86-64' '-dumpdir' 'CMakeFiles/cmTC_876f4.dir/CMakeCXXCompilerABI.cpp.']
  ignore line: [Linking CXX executable cmTC_876f4]
  ignore line: [/usr/local/bin/cmake -E cmake_link_script CMakeFiles/cmTC_876f4.dir/link.txt --verbose=1]
  ignore line: [/opt/gcc-12/bin/g++  -v CMakeFiles/cmTC_876f4.dir/CMakeCXXCompilerABI.cpp.o -o cmTC_876f4 ]
  ignore line: [Using built-in specs.]
  ignore line: [COLLECT_GCC=/opt/gcc-12/bin/g++]
  ignore line: [COLLECT_LTO_WRAPPER=/opt/gcc-12/bin/../libexec/gcc/x86_64-pc-linux-gnu/12.3.1/lto-wrapper]
  ignore line: [Target: x86_64-pc-linux-gnu]
  ignore line: [Configured with: ./../gcc/configure --disable-multilib --prefix=/home/xiling/install/gcc-12 --enable-languages=c c++]
  ignore line: [Thread model: posix]
  ignore line: [Supported LTO compression algorithms: zlib]
  ignore line: [gcc version 12.3.1 20230828 (GCC) ]
  ignore line: [COMPILER_PATH=/opt/gcc-12/bin/../libexec/gcc/x86_64-pc-linux-gnu/12.3.1/:/opt/gcc-12/bin/../libexec/gcc/]
  ignore line: [LIBRARY_PATH=/opt/gcc-12/bin/../lib/gcc/x86_64-pc-linux-gnu/12.3.1/:/opt/gcc-12/bin/../lib/gcc/:/opt/gcc-12/bin/../lib/gcc/x86_64-pc-linux-gnu/12.3.1/../../../../lib64/:/lib/x86_64-linux-gnu/:/lib/../lib64/:/usr/lib/x86_64-linux-gnu/:/usr/lib/../lib64/:/opt/gcc-12/bin/../lib/gcc/x86_64-pc-linux-gnu/12.3.1/../../../:/lib/:/usr/lib/]
  ignore line: [COLLECT_GCC_OPTIONS='-v' '-o' 'cmTC_876f4' '-shared-libgcc' '-mtune=generic' '-march=x86-64' '-dumpdir' 'cmTC_876f4.']
  link line: [ /opt/gcc-12/bin/../libexec/gcc/x86_64-pc-linux-gnu/12.3.1/collect2 -plugin /opt/gcc-12/bin/../libexec/gcc/x86_64-pc-linux-gnu/12.3.1/liblto_plugin.so -plugin-opt=/opt/gcc-12/bin/../libexec/gcc/x86_64-pc-linux-gnu/12.3.1/lto-wrapper -plugin-opt=-fresolution=/tmp/cchCMBgH.res -plugin-opt=-pass-through=-lgcc_s -plugin-opt=-pass-through=-lgcc -plugin-opt=-pass-through=-lc -plugin-opt=-pass-through=-lgcc_s -plugin-opt=-pass-through=-lgcc --eh-frame-hdr -m elf_x86_64 -dynamic-linker /lib64/ld-linux-x86-64.so.2 -o cmTC_876f4 /lib/x86_64-linux-gnu/crt1.o /lib/x86_64-linux-gnu/crti.o /opt/gcc-12/bin/../lib/gcc/x86_64-pc-linux-gnu/12.3.1/crtbegin.o -L/opt/gcc-12/bin/../lib/gcc/x86_64-pc-linux-gnu/12.3.1 -L/opt/gcc-12/bin/../lib/gcc -L/opt/gcc-12/bin/../lib/gcc/x86_64-pc-linux-gnu/12.3.1/../../../../lib64 -L/lib/x86_64-linux-gnu -L/lib/../lib64 -L/usr/lib/x86_64-linux-gnu -L/usr/lib/../lib64 -L/opt/gcc-12/bin/../lib/gcc/x86_64-pc-linux-gnu/12.3.1/../../.. CMakeFiles/cmTC_876f4.dir/CMakeCXXCompilerABI.cpp.o -lstdc++ -lm -lgcc_s -lgcc -lc -lgcc_s -lgcc /opt/gcc-12/bin/../lib/gcc/x86_64-pc-linux-gnu/12.3.1/crtend.o /lib/x86_64-linux-gnu/crtn.o]
    arg [/opt/gcc-12/bin/../libexec/gcc/x86_64-pc-linux-gnu/12.3.1/collect2] ==> ignore
    arg [-plugin] ==> ignore
    arg [/opt/gcc-12/bin/../libexec/gcc/x86_64-pc-linux-gnu/12.3.1/liblto_plugin.so] ==> ignore
    arg [-plugin-opt=/opt/gcc-12/bin/../libexec/gcc/x86_64-pc-linux-gnu/12.3.1/lto-wrapper] ==> ignore
    arg [-plugin-opt=-fresolution=/tmp/cchCMBgH.res] ==> ignore
    arg [-plugin-opt=-pass-through=-lgcc_s] ==> ignore
    arg [-plugin-opt=-pass-through=-lgcc] ==> ignore
    arg [-plugin-opt=-pass-through=-lc] ==> ignore
    arg [-plugin-opt=-pass-through=-lgcc_s] ==> ignore
    arg [-plugin-opt=-pass-through=-lgcc] ==> ignore
    arg [--eh-frame-hdr] ==> ignore
    arg [-m] ==> ignore
    arg [elf_x86_64] ==> ignore
    arg [-dynamic-linker] ==> ignore
    arg [/lib64/ld-linux-x86-64.so.2] ==> ignore
    arg [-o] ==> ignore
    arg [cmTC_876f4] ==> ignore
    arg [/lib/x86_64-linux-gnu/crt1.o] ==> obj [/lib/x86_64-linux-gnu/crt1.o]
    arg [/lib/x86_64-linux-gnu/crti.o] ==> obj [/lib/x86_64-linux-gnu/crti.o]
    arg [/opt/gcc-12/bin/../lib/gcc/x86_64-pc-linux-gnu/12.3.1/crtbegin.o] ==> obj [/opt/gcc-12/bin/../lib/gcc/x86_64-pc-linux-gnu/12.3.1/crtbegin.o]
    arg [-L/opt/gcc-12/bin/../lib/gcc/x86_64-pc-linux-gnu/12.3.1] ==> dir [/opt/gcc-12/bin/../lib/gcc/x86_64-pc-linux-gnu/12.3.1]
    arg [-L/opt/gcc-12/bin/../lib/gcc] ==> dir [/opt/gcc-12/bin/../lib/gcc]
    arg [-L/opt/gcc-12/bin/../lib/gcc/x86_64-pc-linux-gnu/12.3.1/../../../../lib64] ==> dir [/opt/gcc-12/bin/../lib/gcc/x86_64-pc-linux-gnu/12.3.1/../../../../lib64]
    arg [-L/lib/x86_64-linux-gnu] ==> dir [/lib/x86_64-linux-gnu]
    arg [-L/lib/../lib64] ==> dir [/lib/../lib64]
    arg [-L/usr/lib/x86_64-linux-gnu] ==> dir [/usr/lib/x86_64-linux-gnu]
    arg [-L/usr/lib/../lib64] ==> dir [/usr/lib/../lib64]
    arg [-L/opt/gcc-12/bin/../lib/gcc/x86_64-pc-linux-gnu/12.3.1/../../..] ==> dir [/opt/gcc-12/bin/../lib/gcc/x86_64-pc-linux-gnu/12.3.1/../../..]
    arg [CMakeFiles/cmTC_876f4.dir/CMakeCXXCompilerABI.cpp.o] ==> ignore
    arg [-lstdc++] ==> lib [stdc++]
    arg [-lm] ==> lib [m]
    arg [-lgcc_s] ==> lib [gcc_s]
    arg [-lgcc] ==> lib [gcc]
    arg [-lc] ==> lib [c]
    arg [-lgcc_s] ==> lib [gcc_s]
    arg [-lgcc] ==> lib [gcc]
    arg [/opt/gcc-12/bin/../lib/gcc/x86_64-pc-linux-gnu/12.3.1/crtend.o] ==> obj [/opt/gcc-12/bin/../lib/gcc/x86_64-pc-linux-gnu/12.3.1/crtend.o]
    arg [/lib/x86_64-linux-gnu/crtn.o] ==> obj [/lib/x86_64-linux-gnu/crtn.o]
  collapse obj [/opt/gcc-12/bin/../lib/gcc/x86_64-pc-linux-gnu/12.3.1/crtbegin.o] ==> [/opt/gcc-12/lib/gcc/x86_64-pc-linux-gnu/12.3.1/crtbegin.o]
  collapse obj [/opt/gcc-12/bin/../lib/gcc/x86_64-pc-linux-gnu/12.3.1/crtend.o] ==> [/opt/gcc-12/lib/gcc/x86_64-pc-linux-gnu/12.3.1/crtend.o]
  collapse library dir [/opt/gcc-12/bin/../lib/gcc/x86_64-pc-linux-gnu/12.3.1] ==> [/opt/gcc-12/lib/gcc/x86_64-pc-linux-gnu/12.3.1]
  collapse library dir [/opt/gcc-12/bin/../lib/gcc] ==> [/opt/gcc-12/lib/gcc]
  collapse library dir [/opt/gcc-12/bin/../lib/gcc/x86_64-pc-linux-gnu/12.3.1/../../../../lib64] ==> [/opt/gcc-12/lib64]
  collapse library dir [/lib/x86_64-linux-gnu] ==> [/lib/x86_64-linux-gnu]
  collapse library dir [/lib/../lib64] ==> [/lib64]
  collapse library dir [/usr/lib/x86_64-linux-gnu] ==> [/usr/lib/x86_64-linux-gnu]
  collapse library dir [/usr/lib/../lib64] ==> [/usr/lib64]
  collapse library dir [/opt/gcc-12/bin/../lib/gcc/x86_64-pc-linux-gnu/12.3.1/../../..] ==> [/opt/gcc-12/lib]
  implicit libs: [stdc++;m;gcc_s;gcc;c;gcc_s;gcc]
  implicit objs: [/lib/x86_64-linux-gnu/crt1.o;/lib/x86_64-linux-gnu/crti.o;/opt/gcc-12/lib/gcc/x86_64-pc-linux-gnu/12.3.1/crtbegin.o;/opt/gcc-12/lib/gcc/x86_64-pc-linux-gnu/12.3.1/crtend.o;/lib/x86_64-linux-gnu/crtn.o]
  implicit dirs: [/opt/gcc-12/lib/gcc/x86_64-pc-linux-gnu/12.3.1;/opt/gcc-12/lib/gcc;/opt/gcc-12/lib64;/lib/x86_64-linux-gnu;/lib64;/usr/lib/x86_64-linux-gnu;/usr/lib64;/opt/gcc-12/lib]
  implicit fwks: []


