Compiling the CXX compiler identification source file "CMakeCXXCompilerId.cpp" failed.
Compiler: /usr/bin/c++ 
Build flags: 
Id flags:  

The output was:
1
/usr/bin/../lib/gcc/x86_64-linux-gnu/9/libstdc++.so: file not recognized: file format not recognized
clang-14: error: linker command failed with exit code 1 (use -v to see invocation)


Detecting CXX compiler ABI info failed to compile with the following output:
Change Dir: /home/xiling/Desktop/dsacpp/build/CMakeFiles/CMakeTmp

Run Build Command(s):/usr/bin/make -f Makefile cmTC_e9eb7/fast && /usr/bin/make  -f CMakeFiles/cmTC_e9eb7.dir/build.make CMakeFiles/cmTC_e9eb7.dir/build
make[1]: Entering directory '/home/xiling/Desktop/dsacpp/build/CMakeFiles/CMakeTmp'
Building CXX object CMakeFiles/cmTC_e9eb7.dir/CMakeCXXCompilerABI.cpp.o
/usr/bin/c++   -v -MD -MT CMakeFiles/cmTC_e9eb7.dir/CMakeCXXCompilerABI.cpp.o -MF CMakeFiles/cmTC_e9eb7.dir/CMakeCXXCompilerABI.cpp.o.d -o CMakeFiles/cmTC_e9eb7.dir/CMakeCXXCompilerABI.cpp.o -c /usr/local/share/cmake-3.24/Modules/CMakeCXXCompilerABI.cpp
clang version 14.0.0
Target: x86_64-unknown-linux-gnu
Thread model: posix
InstalledDir: /usr/bin
Found candidate GCC installation: /usr/bin/../lib/gcc/x86_64-linux-gnu/9
Selected GCC installation: /usr/bin/../lib/gcc/x86_64-linux-gnu/9
Candidate multilib: .;@m64
Selected multilib: .;@m64
 (in-process)
 "/opt/clang+llvm-14.0.0-x86_64-linux-gnu-ubuntu-18.04/bin/clang-14" -cc1 -triple x86_64-unknown-linux-gnu -emit-obj -mrelax-all --mrelax-relocations -disable-free -clear-ast-before-backend -disable-llvm-verifier -discard-value-names -main-file-name CMakeCXXCompilerABI.cpp -mrelocation-model static -mframe-pointer=all -fmath-errno -ffp-contract=on -fno-rounding-math -mconstructor-aliases -funwind-tables=2 -target-cpu x86-64 -tune-cpu generic -mllvm -treat-scalable-fixed-error-as-warning -debugger-tuning=gdb -v -fcoverage-compilation-dir=/home/xiling/Desktop/dsacpp/build/CMakeFiles/CMakeTmp -resource-dir /opt/clang+llvm-14.0.0-x86_64-linux-gnu-ubuntu-18.04/lib/clang/14.0.0 -dependency-file CMakeFiles/cmTC_e9eb7.dir/CMakeCXXCompilerABI.cpp.o.d -MT CMakeFiles/cmTC_e9eb7.dir/CMakeCXXCompilerABI.cpp.o -sys-header-deps -internal-isystem /usr/bin/../lib/gcc/x86_64-linux-gnu/9/../../../../include/c++/9 -internal-isystem /usr/bin/../lib/gcc/x86_64-linux-gnu/9/../../../../include/x86_64-linux-gnu/c++/9 -internal-isystem /usr/bin/../lib/gcc/x86_64-linux-gnu/9/../../../../include/c++/9/backward -internal-isystem /opt/clang+llvm-14.0.0-x86_64-linux-gnu-ubuntu-18.04/lib/clang/14.0.0/include -internal-isystem /usr/local/include -internal-isystem /usr/bin/../lib/gcc/x86_64-linux-gnu/9/../../../../x86_64-linux-gnu/include -internal-externc-isystem /usr/include/x86_64-linux-gnu -internal-externc-isystem /include -internal-externc-isystem /usr/include -fdeprecated-macro -fdebug-compilation-dir=/home/xiling/Desktop/dsacpp/build/CMakeFiles/CMakeTmp -ferror-limit 19 -fgnuc-version=4.2.1 -fcxx-exceptions -fexceptions -faddrsig -D__GCC_HAVE_DWARF2_CFI_ASM=1 -o CMakeFiles/cmTC_e9eb7.dir/CMakeCXXCompilerABI.cpp.o -x c++ /usr/local/share/cmake-3.24/Modules/CMakeCXXCompilerABI.cpp
clang -cc1 version 14.0.0 based upon LLVM 14.0.0 default target x86_64-unknown-linux-gnu
ignoring nonexistent directory "/usr/bin/../lib/gcc/x86_64-linux-gnu/9/../../../../x86_64-linux-gnu/include"
ignoring nonexistent directory "/include"
#include "..." search starts here:
#include <...> search starts here:
 /usr/bin/../lib/gcc/x86_64-linux-gnu/9/../../../../include/c++/9
 /usr/bin/../lib/gcc/x86_64-linux-gnu/9/../../../../include/x86_64-linux-gnu/c++/9
 /usr/bin/../lib/gcc/x86_64-linux-gnu/9/../../../../include/c++/9/backward
 /opt/clang+llvm-14.0.0-x86_64-linux-gnu-ubuntu-18.04/lib/clang/14.0.0/include
 /usr/local/include
 /usr/include/x86_64-linux-gnu
 /usr/include
End of search list.
Linking CXX executable cmTC_e9eb7
/usr/local/bin/cmake -E cmake_link_script CMakeFiles/cmTC_e9eb7.dir/link.txt --verbose=1
/usr/bin/c++  -v CMakeFiles/cmTC_e9eb7.dir/CMakeCXXCompilerABI.cpp.o -o cmTC_e9eb7 
clang version 14.0.0
Target: x86_64-unknown-linux-gnu
Thread model: posix
InstalledDir: /usr/bin
Found candidate GCC installation: /usr/bin/../lib/gcc/x86_64-linux-gnu/9
Selected GCC installation: /usr/bin/../lib/gcc/x86_64-linux-gnu/9
Candidate multilib: .;@m64
Selected multilib: .;@m64
 "/usr/bin/ld" -z relro --hash-style=gnu --eh-frame-hdr -m elf_x86_64 -dynamic-linker /lib64/ld-linux-x86-64.so.2 -o cmTC_e9eb7 /lib/x86_64-linux-gnu/crt1.o /lib/x86_64-linux-gnu/crti.o /usr/bin/../lib/gcc/x86_64-linux-gnu/9/crtbegin.o -L/opt/clang+llvm-14.0.0-x86_64-linux-gnu-ubuntu-18.04/bin/../lib/x86_64-unknown-linux-gnu -L/usr/bin/../lib/gcc/x86_64-linux-gnu/9 -L/usr/bin/../lib/gcc/x86_64-linux-gnu/9/../../../../lib64 -L/lib/x86_64-linux-gnu -L/lib/../lib64 -L/usr/lib/x86_64-linux-gnu -L/usr/lib/../lib64 -L/opt/clang+llvm-14.0.0-x86_64-linux-gnu-ubuntu-18.04/bin/../lib -L/lib -L/usr/lib CMakeFiles/cmTC_e9eb7.dir/CMakeCXXCompilerABI.cpp.o -lstdc++ -lm -lgcc_s -lgcc -lc -lgcc_s -lgcc /usr/bin/../lib/gcc/x86_64-linux-gnu/9/crtend.o /lib/x86_64-linux-gnu/crtn.o
/usr/bin/../lib/gcc/x86_64-linux-gnu/9/libstdc++.so: file not recognized: file format not recognized
clang-14: error: linker command failed with exit code 1 (use -v to see invocation)
make[1]: *** [CMakeFiles/cmTC_e9eb7.dir/build.make:100: cmTC_e9eb7] Error 1
make[1]: Leaving directory '/home/xiling/Desktop/dsacpp/build/CMakeFiles/CMakeTmp'
make: *** [Makefile:127: cmTC_e9eb7/fast] Error 2




Determining if the CXX compiler works failed with the following output:
Change Dir: /home/xiling/Desktop/dsacpp/build/CMakeFiles/CMakeTmp

Run Build Command(s):/usr/bin/make -f Makefile cmTC_34b14/fast && /usr/bin/make  -f CMakeFiles/cmTC_34b14.dir/build.make CMakeFiles/cmTC_34b14.dir/build
make[1]: Entering directory '/home/xiling/Desktop/dsacpp/build/CMakeFiles/CMakeTmp'
Building CXX object CMakeFiles/cmTC_34b14.dir/testCXXCompiler.cxx.o
/usr/bin/c++    -MD -MT CMakeFiles/cmTC_34b14.dir/testCXXCompiler.cxx.o -MF CMakeFiles/cmTC_34b14.dir/testCXXCompiler.cxx.o.d -o CMakeFiles/cmTC_34b14.dir/testCXXCompiler.cxx.o -c /home/xiling/Desktop/dsacpp/build/CMakeFiles/CMakeTmp/testCXXCompiler.cxx
Linking CXX executable cmTC_34b14
/usr/local/bin/cmake -E cmake_link_script CMakeFiles/cmTC_34b14.dir/link.txt --verbose=1
/usr/bin/c++ CMakeFiles/cmTC_34b14.dir/testCXXCompiler.cxx.o -o cmTC_34b14 
/usr/bin/../lib/gcc/x86_64-linux-gnu/9/libstdc++.so: file not recognized: file format not recognized
clang-14: error: linker command failed with exit code 1 (use -v to see invocation)
make[1]: *** [CMakeFiles/cmTC_34b14.dir/build.make:100: cmTC_34b14] Error 1
make[1]: Leaving directory '/home/xiling/Desktop/dsacpp/build/CMakeFiles/CMakeTmp'
make: *** [Makefile:127: cmTC_34b14/fast] Error 2



